node 7a22db0e-4d4d-4dda-bee5-2d1e53ddc450 verify on Hg.nc.pbe.z_20.oncvpsp3.dojo.v0.4.1-std.upf not okay
node 0f181b6e-2959-440a-905f-f3e47db00f5c verify on Ba.nc.pbe.z_10.oncvpsp3.dojo.v0.4.1-std.upf not okay
node a20915c3-00a8-4eb6-91a8-cc8b1bd4910d verify on Sc.nc.pbe.z_11.oncvpsp3.dojo.v0.4.1-std.upf not okay
node b31766aa-7a77-42d2-a2d4-4489cfe3621b verify on Ba.nc.pbe.z_10.oncvpsp3.dojo.v0.4.1-std.upf not okay
node c42f9ef2-64d2-4cea-815c-90a9af9752e9 verify on Hg.paw.pbe.z_12.atompaw.jth.v1.1-std.upf not okay
node c09b189a-6274-4fac-8ce0-81297f69e85f verify on Se.paw.pbe.z_6.atompaw.jth.v1.1-std.upf not okay
node 1cfaa812-435d-4aea-aa70-af02e6aac092 verify on Ho.paw.pbe.z_21.atompaw.jth.v1.1-std.upf not okay
node 6043974c-f739-4c9a-8cf8-03415617102c verify on Ba.paw.pbe.z_10.atompaw.jth.v1.1-std.upf not okay
node d20e29c0-6873-4fa9-b437-7bbb49ff1134 verify on Se.paw.pbe.z_6.atompaw.jth.v1.1-std.upf not okay
node b66a83ca-e25e-45c9-bebd-828da1416542 verify on Si.paw.pbe.z_4.atompaw.jth.v1.1-std.upf not okay
node e58f49fa-9d85-4784-82d9-3e1568cfae41 verify on Se.paw.pbe.z_6.atompaw.jth.v1.1-std.upf not okay
node 4ffab4f8-d989-44e1-bb9c-bb163c4aea66 verify on Ho.paw.pbe.z_21.atompaw.jth.v1.1-std.upf not okay
node b7142a1f-47b8-48bd-b975-25e5b82cd10a verify on Ba.paw.pbe.z_10.atompaw.jth.v1.1-std.upf not okay
node 5638bee4-9dc6-4ea6-b25d-cf4e45cf17ed verify on La.paw.pbe.z_11.atompaw.jth.v1.1-std.upf not okay
node a700884b-d01a-499d-ae0b-8a19570834ee verify on Pr.paw.pbe.z_13.atompaw.jth.v1.1-std.upf not okay
node c90f9661-e063-448e-9d03-eb2a3f9aa486 verify on Pm.paw.pbe.z_15.atompaw.jth.v1.1-std.upf not okay
node 7dbd19df-768e-4801-89a0-0f141710e90f verify on Lu.paw.pbe.z_25.atompaw.jth.v1.1-std.upf not okay
node e6a2d839-6b0e-47ae-b72e-20e04716eda3 verify on Nd.paw.pbe.z_14.atompaw.jth.v1.1-std.upf not okay
node 0dff8ae9-464c-42d0-a7c1-3e5fa3e878e1 verify on Ce.paw.pbe.z_12.atompaw.jth.v1.1-std.upf not okay
node 4ec38c8e-8f92-4594-89ec-e92eac78ee03 verify on Ba.us.pbe.z_10.uspp.gbrv.v1.upf not okay
node eee76188-5cec-4529-ac78-75077a27c234 verify on Ba.us.pbe.z_10.uspp.gbrv.v1.upf not okay
node 4a2a2d53-135c-4aa4-ae03-4ed8c13e3df5 verify on La.us.pbe.z_11.uspp.gbrv.v1.upf not okay
node b478e27e-591f-462b-b026-f3ab5996f497 verify on Hf.us.pbe.z_12.uspp.gbrv.plus4_v1.upf not okay
node 86de4088-23f5-4f4c-ab81-3bbd5dd23efc verify on Hf.us.pbe.z_12.uspp.gbrv.v1.upf not okay
